0 info it worked if it ends with ok
1 verbose cli [ '/usr/local/bin/node',
1 verbose cli   '/usr/local/bin/npm',
1 verbose cli   'install',
1 verbose cli   'ng-file-upload',
1 verbose cli   '-save' ]
2 info using npm@1.4.9
3 info using node@v0.10.28
4 warn package.json angular-todo@0.0.1 No repository field.
5 warn package.json angular-todo@0.0.1 No README data
6 verbose readDependencies using package.json deps
7 verbose cache add [ 'ng-file-upload', null ]
8 verbose cache add name=undefined spec="ng-file-upload" args=["ng-file-upload",null]
9 verbose parsed url { protocol: null,
9 verbose parsed url   slashes: null,
9 verbose parsed url   auth: null,
9 verbose parsed url   host: null,
9 verbose parsed url   port: null,
9 verbose parsed url   hostname: null,
9 verbose parsed url   hash: null,
9 verbose parsed url   search: null,
9 verbose parsed url   query: null,
9 verbose parsed url   pathname: 'ng-file-upload',
9 verbose parsed url   path: 'ng-file-upload',
9 verbose parsed url   href: 'ng-file-upload' }
10 silly lockFile 0cca3cfe-ng-file-upload ng-file-upload
11 verbose lock ng-file-upload /home/chopperlee/.npm/0cca3cfe-ng-file-upload.lock
12 silly lockFile 0cca3cfe-ng-file-upload ng-file-upload
13 silly lockFile 0cca3cfe-ng-file-upload ng-file-upload
14 verbose addNamed [ 'ng-file-upload', '' ]
15 verbose addNamed [ null, '*' ]
16 silly lockFile 9cd988fe-ng-file-upload ng-file-upload@
17 verbose lock ng-file-upload@ /home/chopperlee/.npm/9cd988fe-ng-file-upload.lock
18 silly addNameRange { name: 'ng-file-upload', range: '*', hasData: false }
19 verbose url raw ng-file-upload
20 verbose url resolving [ 'https://registry.npmjs.org/', './ng-file-upload' ]
21 verbose url resolved https://registry.npmjs.org/ng-file-upload
22 info trying registry request attempt 1 at 16:46:00
23 http GET https://registry.npmjs.org/ng-file-upload
24 http 404 https://registry.npmjs.org/ng-file-upload
25 verbose headers { date: 'Mon, 15 Sep 2014 08:46:27 GMT',
25 verbose headers   server: 'CouchDB/1.5.0 (Erlang OTP/R16B03)',
25 verbose headers   'content-type': 'application/json',
25 verbose headers   'cache-control': 'max-age=0',
25 verbose headers   'content-length': '52',
25 verbose headers   'accept-ranges': 'bytes',
25 verbose headers   via: '1.1 varnish',
25 verbose headers   age: '0',
25 verbose headers   'x-served-by': 'cache-ty66-TYO',
25 verbose headers   'x-cache': 'MISS',
25 verbose headers   'x-cache-hits': '0',
25 verbose headers   'x-timer': 'S1410770787.460587,VS0,VE122',
25 verbose headers   'keep-alive': 'timeout=10, max=50',
25 verbose headers   connection: 'Keep-Alive' }
26 silly registry.get cb [ 404,
26 silly registry.get   { date: 'Mon, 15 Sep 2014 08:46:27 GMT',
26 silly registry.get     server: 'CouchDB/1.5.0 (Erlang OTP/R16B03)',
26 silly registry.get     'content-type': 'application/json',
26 silly registry.get     'cache-control': 'max-age=0',
26 silly registry.get     'content-length': '52',
26 silly registry.get     'accept-ranges': 'bytes',
26 silly registry.get     via: '1.1 varnish',
26 silly registry.get     age: '0',
26 silly registry.get     'x-served-by': 'cache-ty66-TYO',
26 silly registry.get     'x-cache': 'MISS',
26 silly registry.get     'x-cache-hits': '0',
26 silly registry.get     'x-timer': 'S1410770787.460587,VS0,VE122',
26 silly registry.get     'keep-alive': 'timeout=10, max=50',
26 silly registry.get     connection: 'Keep-Alive' } ]
27 silly lockFile 9cd988fe-ng-file-upload ng-file-upload@
28 silly lockFile 9cd988fe-ng-file-upload ng-file-upload@
29 error 404 404 Not Found: ng-file-upload
29 error 404
29 error 404 'ng-file-upload' is not in the npm registry.
29 error 404 You should bug the author to publish it
29 error 404 It was specified as a dependency of 'angular-todo'
29 error 404
29 error 404 Note that you can also install from a
29 error 404 tarball, folder, or http url, or git url.
30 error System Linux 3.13.0-35-generic
31 error command "/usr/local/bin/node" "/usr/local/bin/npm" "install" "ng-file-upload" "-save"
32 error cwd /mnt/addDisk1/Program/JavaScript/MEAN/csvUpload
33 error node -v v0.10.28
34 error npm -v 1.4.9
35 error code E404
36 verbose exit [ 1, true ]
